[7] Log opened at 2024-03-20 17:20:25.426385
[7] [Config] INFO: Control socket set up succesfully: '@xdebug-ctrl.7'
[7] [Step Debug] INFO: Checking for client discovery headers: 'HTTP_X_FORWARDED_FOR,REMOTE_ADDR'.
[7] [Step Debug] INFO: Checking header 'HTTP_X_FORWARDED_FOR'.
[7] [Step Debug] INFO: Client host discovered through HTTP header, connecting to 192.168.65.1:9000.
[7] [Step Debug] WARN: Could not connect to client host discovered through HTTP headers, connecting to configured address/port: php-fpm:9000.
[7] [Step Debug] INFO: Connected to debugging client: 192.168.65.1:9000 (from HTTP_X_FORWARDED_FOR HTTP header), php-fpm:9000 (fallback through xdebug.client_host/xdebug.client_port).
[7] [Step Debug] -> <init xmlns="urn:debugger_protocol_v1" xmlns:xdebug="https://xdebug.org/dbgp/xdebug" fileuri="file:///var/www/html/public/info.php" language="PHP" xdebug:language_version="8.2.17" protocol_version="1.0" appid="7"><engine version="3.3.1"><![CDATA[Xdebug]]></engine><author><![CDATA[Derick Rethans]]></author><url><![CDATA[https://xdebug.org]]></url><copyright><![CDATA[Copyright (c) 2002-2023 by Derick Rethans]]></copyright></init>

[7] [Step Debug] -> <response xmlns="urn:debugger_protocol_v1" xmlns:xdebug="https://xdebug.org/dbgp/xdebug" status="stopping" reason="ok"></response>

[7] [Step Debug] WARN: The debugging client closed the connection on socket 10: Broken pipe (error: 32).
[7] Log closed at 2024-03-20 17:20:25.661997

[8] Log opened at 2024-03-20 17:20:41.386179
[8] [Config] INFO: Control socket set up succesfully: '@xdebug-ctrl.8'
[8] [Step Debug] INFO: Checking for client discovery headers: 'HTTP_X_FORWARDED_FOR,REMOTE_ADDR'.
[8] [Step Debug] INFO: Checking header 'HTTP_X_FORWARDED_FOR'.
[8] [Step Debug] INFO: Client host discovered through HTTP header, connecting to 192.168.65.1:9000.
[8] [Step Debug] WARN: Could not connect to client host discovered through HTTP headers, connecting to configured address/port: php-fpm:9000.
[8] [Step Debug] INFO: Connected to debugging client: 192.168.65.1:9000 (from HTTP_X_FORWARDED_FOR HTTP header), php-fpm:9000 (fallback through xdebug.client_host/xdebug.client_port).
[8] [Step Debug] -> <init xmlns="urn:debugger_protocol_v1" xmlns:xdebug="https://xdebug.org/dbgp/xdebug" fileuri="file:///var/www/html/public/wp/wp-admin/admin-ajax.php" language="PHP" xdebug:language_version="8.2.17" protocol_version="1.0" appid="8"><engine version="3.3.1"><![CDATA[Xdebug]]></engine><author><![CDATA[Derick Rethans]]></author><url><![CDATA[https://xdebug.org]]></url><copyright><![CDATA[Copyright (c) 2002-2023 by Derick Rethans]]></copyright></init>

[8] [Step Debug] -> <response xmlns="urn:debugger_protocol_v1" xmlns:xdebug="https://xdebug.org/dbgp/xdebug" status="stopping" reason="ok"></response>

[8] [Step Debug] WARN: The debugging client closed the connection on socket 10: Broken pipe (error: 32).
[8] Log closed at 2024-03-20 17:20:52.797024

[7] Log opened at 2024-03-20 17:20:54.903657
[7] [Config] INFO: Control socket set up succesfully: '@xdebug-ctrl.7'
[7] [Step Debug] INFO: Checking for client discovery headers: 'HTTP_X_FORWARDED_FOR,REMOTE_ADDR'.
[7] [Step Debug] INFO: Checking header 'HTTP_X_FORWARDED_FOR'.
[7] [Step Debug] INFO: Client host discovered through HTTP header, connecting to 192.168.65.1:9000.
[7] [Step Debug] WARN: Could not connect to client host discovered through HTTP headers, connecting to configured address/port: php-fpm:9000.
[7] [Step Debug] INFO: Connected to debugging client: 192.168.65.1:9000 (from HTTP_X_FORWARDED_FOR HTTP header), php-fpm:9000 (fallback through xdebug.client_host/xdebug.client_port).
[7] [Step Debug] -> <init xmlns="urn:debugger_protocol_v1" xmlns:xdebug="https://xdebug.org/dbgp/xdebug" fileuri="file:///var/www/html/public/index.php" language="PHP" xdebug:language_version="8.2.17" protocol_version="1.0" appid="7"><engine version="3.3.1"><![CDATA[Xdebug]]></engine><author><![CDATA[Derick Rethans]]></author><url><![CDATA[https://xdebug.org]]></url><copyright><![CDATA[Copyright (c) 2002-2023 by Derick Rethans]]></copyright></init>

[8] Log opened at 2024-03-20 17:20:56.332211
[8] [Config] INFO: Control socket set up succesfully: '@xdebug-ctrl.8'
[8] [Step Debug] INFO: Checking for client discovery headers: 'HTTP_X_FORWARDED_FOR,REMOTE_ADDR'.
[8] [Step Debug] INFO: Checking header 'HTTP_X_FORWARDED_FOR'.
[8] [Step Debug] INFO: Client host discovered through HTTP header, connecting to 192.168.65.1:9000.
[8] [Step Debug] WARN: Could not connect to client host discovered through HTTP headers, connecting to configured address/port: php-fpm:9000.
[8] [Step Debug] INFO: Connected to debugging client: 192.168.65.1:9000 (from HTTP_X_FORWARDED_FOR HTTP header), php-fpm:9000 (fallback through xdebug.client_host/xdebug.client_port).
[8] [Step Debug] -> <init xmlns="urn:debugger_protocol_v1" xmlns:xdebug="https://xdebug.org/dbgp/xdebug" fileuri="file:///var/www/html/public/wp/wp-admin/admin-ajax.php" language="PHP" xdebug:language_version="8.2.17" protocol_version="1.0" appid="8"><engine version="3.3.1"><![CDATA[Xdebug]]></engine><author><![CDATA[Derick Rethans]]></author><url><![CDATA[https://xdebug.org]]></url><copyright><![CDATA[Copyright (c) 2002-2023 by Derick Rethans]]></copyright></init>

[8] [Step Debug] -> <response xmlns="urn:debugger_protocol_v1" xmlns:xdebug="https://xdebug.org/dbgp/xdebug" status="stopping" reason="ok"></response>

[8] [Step Debug] WARN: The debugging client closed the connection on socket 9: Broken pipe (error: 32).
[8] Log closed at 2024-03-20 17:21:04.997308

[8] Log opened at 2024-03-20 17:21:12.418859
[8] [Config] INFO: Control socket set up succesfully: '@xdebug-ctrl.8'
[8] [Step Debug] INFO: Checking for client discovery headers: 'HTTP_X_FORWARDED_FOR,REMOTE_ADDR'.
[8] [Step Debug] INFO: Checking header 'HTTP_X_FORWARDED_FOR'.
[8] [Step Debug] INFO: Client host discovered through HTTP header, connecting to 192.168.65.1:9000.
[9] Log opened at 2024-03-20 17:21:12.425455
[9] [Config] INFO: Control socket set up succesfully: '@xdebug-ctrl.9'
[9] [Step Debug] INFO: Checking for client discovery headers: 'HTTP_X_FORWARDED_FOR,REMOTE_ADDR'.
[9] [Step Debug] INFO: Checking header 'HTTP_X_FORWARDED_FOR'.
[9] [Step Debug] INFO: Client host discovered through HTTP header, connecting to 192.168.65.1:9000.
[8] [Step Debug] WARN: Could not connect to client host discovered through HTTP headers, connecting to configured address/port: php-fpm:9000.
[8] [Step Debug] INFO: Connected to debugging client: 192.168.65.1:9000 (from HTTP_X_FORWARDED_FOR HTTP header), php-fpm:9000 (fallback through xdebug.client_host/xdebug.client_port).
[8] [Step Debug] -> <init xmlns="urn:debugger_protocol_v1" xmlns:xdebug="https://xdebug.org/dbgp/xdebug" fileuri="file:///var/www/html/public/index.php" language="PHP" xdebug:language_version="8.2.17" protocol_version="1.0" appid="8"><engine version="3.3.1"><![CDATA[Xdebug]]></engine><author><![CDATA[Derick Rethans]]></author><url><![CDATA[https://xdebug.org]]></url><copyright><![CDATA[Copyright (c) 2002-2023 by Derick Rethans]]></copyright></init>

[9] [Step Debug] WARN: Could not connect to client host discovered through HTTP headers, connecting to configured address/port: php-fpm:9000.
[9] [Step Debug] INFO: Connected to debugging client: 192.168.65.1:9000 (from HTTP_X_FORWARDED_FOR HTTP header), php-fpm:9000 (fallback through xdebug.client_host/xdebug.client_port).
[9] [Step Debug] -> <init xmlns="urn:debugger_protocol_v1" xmlns:xdebug="https://xdebug.org/dbgp/xdebug" fileuri="file:///var/www/html/public/index.php" language="PHP" xdebug:language_version="8.2.17" protocol_version="1.0" appid="9"><engine version="3.3.1"><![CDATA[Xdebug]]></engine><author><![CDATA[Derick Rethans]]></author><url><![CDATA[https://xdebug.org]]></url><copyright><![CDATA[Copyright (c) 2002-2023 by Derick Rethans]]></copyright></init>

[10] Log opened at 2024-03-20 17:21:12.658842
[10] [Config] INFO: Control socket set up succesfully: '@xdebug-ctrl.10'
[10] [Step Debug] INFO: Checking for client discovery headers: 'HTTP_X_FORWARDED_FOR,REMOTE_ADDR'.
[10] [Step Debug] INFO: Checking header 'HTTP_X_FORWARDED_FOR'.
[10] [Step Debug] INFO: Client host discovered through HTTP header, connecting to 192.168.65.1:9000.
[10] [Step Debug] WARN: Could not connect to client host discovered through HTTP headers, connecting to configured address/port: php-fpm:9000.
[10] [Step Debug] INFO: Connected to debugging client: 192.168.65.1:9000 (from HTTP_X_FORWARDED_FOR HTTP header), php-fpm:9000 (fallback through xdebug.client_host/xdebug.client_port).
[10] [Step Debug] -> <init xmlns="urn:debugger_protocol_v1" xmlns:xdebug="https://xdebug.org/dbgp/xdebug" fileuri="file:///var/www/html/public/index.php" language="PHP" xdebug:language_version="8.2.17" protocol_version="1.0" appid="10"><engine version="3.3.1"><![CDATA[Xdebug]]></engine><author><![CDATA[Derick Rethans]]></author><url><![CDATA[https://xdebug.org]]></url><copyright><![CDATA[Copyright (c) 2002-2023 by Derick Rethans]]></copyright></init>

[11] Log opened at 2024-03-20 17:21:13.663216
[11] [Config] INFO: Control socket set up succesfully: '@xdebug-ctrl.11'
[11] [Step Debug] INFO: Checking for client discovery headers: 'HTTP_X_FORWARDED_FOR,REMOTE_ADDR'.
[11] [Step Debug] INFO: Checking header 'HTTP_X_FORWARDED_FOR'.
[11] [Step Debug] INFO: Client host discovered through HTTP header, connecting to 192.168.65.1:9000.
[11] [Step Debug] WARN: Could not connect to client host discovered through HTTP headers, connecting to configured address/port: php-fpm:9000.
[11] [Step Debug] INFO: Connected to debugging client: 192.168.65.1:9000 (from HTTP_X_FORWARDED_FOR HTTP header), php-fpm:9000 (fallback through xdebug.client_host/xdebug.client_port).
[11] [Step Debug] -> <init xmlns="urn:debugger_protocol_v1" xmlns:xdebug="https://xdebug.org/dbgp/xdebug" fileuri="file:///var/www/html/public/index.php" language="PHP" xdebug:language_version="8.2.17" protocol_version="1.0" appid="11"><engine version="3.3.1"><![CDATA[Xdebug]]></engine><author><![CDATA[Derick Rethans]]></author><url><![CDATA[https://xdebug.org]]></url><copyright><![CDATA[Copyright (c) 2002-2023 by Derick Rethans]]></copyright></init>

[7] [Step Debug] -> <response xmlns="urn:debugger_protocol_v1" xmlns:xdebug="https://xdebug.org/dbgp/xdebug" status="stopping" reason="ok"></response>

[7] [Step Debug] WARN: The debugging client closed the connection on socket 10: Broken pipe (error: 32).
[7] Log closed at 2024-03-20 17:21:15.522863

[7] Log opened at 2024-03-20 17:21:15.536131
[7] [Config] INFO: Control socket set up succesfully: '@xdebug-ctrl.7'
[7] [Step Debug] INFO: Checking for client discovery headers: 'HTTP_X_FORWARDED_FOR,REMOTE_ADDR'.
[7] [Step Debug] INFO: Checking header 'HTTP_X_FORWARDED_FOR'.
[7] [Step Debug] INFO: Client host discovered through HTTP header, connecting to 192.168.65.1:9000.
[7] [Step Debug] WARN: Could not connect to client host discovered through HTTP headers, connecting to configured address/port: php-fpm:9000.
[7] [Step Debug] INFO: Connected to debugging client: 192.168.65.1:9000 (from HTTP_X_FORWARDED_FOR HTTP header), php-fpm:9000 (fallback through xdebug.client_host/xdebug.client_port).
[7] [Step Debug] -> <init xmlns="urn:debugger_protocol_v1" xmlns:xdebug="https://xdebug.org/dbgp/xdebug" fileuri="file:///var/www/html/public/index.php" language="PHP" xdebug:language_version="8.2.17" protocol_version="1.0" appid="7"><engine version="3.3.1"><![CDATA[Xdebug]]></engine><author><![CDATA[Derick Rethans]]></author><url><![CDATA[https://xdebug.org]]></url><copyright><![CDATA[Copyright (c) 2002-2023 by Derick Rethans]]></copyright></init>

